Wed 05 Jul 2023 14:09:37 INFO  ['run.py']
Wed 05 Jul 2023 14:09:37 INFO  
General Hyper Parameters:
gpu_id = 0
use_gpu = True
seed = 2020
state = INFO
reproducibility = True
data_path = C:\Users\Image\Desktop\food-recommender\recbole\Lib\site-packages\recbole\config\../dataset_example/ml-100k
checkpoint_dir = saved
show_progress = True
save_dataset = False
dataset_save_path = None
save_dataloaders = False
dataloaders_save_path = None
log_wandb = False

Training Hyper Parameters:
epochs = 300
train_batch_size = 2048
learner = adam
learning_rate = 0.001
train_neg_sample_args = {'distribution': 'none', 'sample_num': 'none', 'alpha': 'none', 'dynamic': False, 'candidate_num': 0}
eval_step = 1
stopping_step = 10
clip_grad_norm = None
weight_decay = 0.0
loss_decimal_place = 4

Evaluation Hyper Parameters:
eval_args = {'split': {'LS': 'valid_and_test'}, 'order': 'TO', 'mode': 'full', 'group_by': 'user'}
repeatable = True
metrics = ['Recall', 'MRR', 'NDCG', 'Hit', 'Precision']
topk = [10]
valid_metric = MRR@10
valid_metric_bigger = True
eval_batch_size = 4096
metric_decimal_place = 4

Dataset Hyper Parameters:
field_separator = 	
seq_separator =  
USER_ID_FIELD = user_id
ITEM_ID_FIELD = item_id
RATING_FIELD = rating
TIME_FIELD = timestamp
seq_len = None
LABEL_FIELD = label
threshold = None
NEG_PREFIX = neg_
load_col = {'inter': ['user_id', 'item_id', 'rating', 'timestamp'], 'item': ['item_id', 'release_year', 'class']}
unload_col = None
unused_col = None
additional_feat_suffix = None
rm_dup_inter = None
val_interval = None
filter_inter_by_user_or_item = True
user_inter_num_interval = None
item_inter_num_interval = None
alias_of_user_id = None
alias_of_item_id = None
alias_of_entity_id = None
alias_of_relation_id = None
preload_weight = None
normalize_field = None
normalize_all = True
ITEM_LIST_LENGTH_FIELD = item_length
LIST_SUFFIX = _list
MAX_ITEM_LIST_LENGTH = 50
POSITION_FIELD = position_id
HEAD_ENTITY_ID_FIELD = head_id
TAIL_ENTITY_ID_FIELD = tail_id
RELATION_ID_FIELD = relation_id
ENTITY_ID_FIELD = entity_id
kg_reverse_r = False
entity_kg_num_interval = None
relation_kg_num_interval = None
benchmark_filename = None

Other Hyper Parameters: 
worker = 0
wandb_project = recbole
shuffle = True
require_pow = False
enable_amp = False
enable_scaler = False
transform = None
n_layers = 2
n_heads = 2
hidden_size = 64
inner_size = 256
hidden_dropout_prob = 0.5
attn_dropout_prob = 0.5
hidden_act = gelu
layer_norm_eps = 1e-12
initializer_range = 0.02
selected_features = ['class']
pooling_mode = sum
loss_type = CE
numerical_features = []
discretization = None
MODEL_TYPE = ModelType.SEQUENTIAL
MODEL_INPUT_TYPE = InputType.POINTWISE
eval_type = EvaluatorType.RANKING
single_spec = True
local_rank = 0
device = cpu
eval_neg_sample_args = {'distribution': 'uniform', 'sample_num': 'none'}


Wed 05 Jul 2023 14:09:37 INFO  ml-100k
The number of users: 944
Average actions of users: 106.04453870625663
The number of items: 1683
Average actions of items: 59.45303210463734
The number of inters: 100000
The sparsity of the dataset: 93.70575143257098%
Remain Fields: ['user_id', 'item_id', 'rating', 'timestamp', 'release_year', 'class']
Wed 05 Jul 2023 14:09:41 INFO  [Training]: train_batch_size = [2048] train_neg_sample_args: [{'distribution': 'none', 'sample_num': 'none', 'alpha': 'none', 'dynamic': False, 'candidate_num': 0}]
Wed 05 Jul 2023 14:09:41 INFO  [Evaluation]: eval_batch_size = [4096] eval_args: [{'split': {'LS': 'valid_and_test'}, 'order': 'TO', 'mode': 'full', 'group_by': 'user'}]
Wed 05 Jul 2023 14:09:41 INFO  SASRecF(
  (item_embedding): Embedding(1683, 64, padding_idx=0)
  (position_embedding): Embedding(50, 64)
  (feature_embed_layer): FeatureSeqEmbLayer(
    (token_embedding_table): ModuleDict()
    (float_embedding_table): ModuleDict()
    (token_seq_embedding_table): ModuleDict(
      (item): ModuleList(
        (0): Embedding(20, 64)
      )
    )
    (float_seq_embedding_table): ModuleDict(
      (item): ModuleList()
    )
  )
  (trm_encoder): TransformerEncoder(
    (layer): ModuleList(
      (0-1): 2 x TransformerLayer(
        (multi_head_attention): MultiHeadAttention(
          (query): Linear(in_features=64, out_features=64, bias=True)
          (key): Linear(in_features=64, out_features=64, bias=True)
          (value): Linear(in_features=64, out_features=64, bias=True)
          (softmax): Softmax(dim=-1)
          (attn_dropout): Dropout(p=0.5, inplace=False)
          (dense): Linear(in_features=64, out_features=64, bias=True)
          (LayerNorm): LayerNorm((64,), eps=1e-12, elementwise_affine=True)
          (out_dropout): Dropout(p=0.5, inplace=False)
        )
        (feed_forward): FeedForward(
          (dense_1): Linear(in_features=64, out_features=256, bias=True)
          (dense_2): Linear(in_features=256, out_features=64, bias=True)
          (LayerNorm): LayerNorm((64,), eps=1e-12, elementwise_affine=True)
          (dropout): Dropout(p=0.5, inplace=False)
        )
      )
    )
  )
  (concat_layer): Linear(in_features=128, out_features=64, bias=True)
  (LayerNorm): LayerNorm((64,), eps=1e-12, elementwise_affine=True)
  (dropout): Dropout(p=0.5, inplace=False)
  (loss_fct): CrossEntropyLoss()
)
Trainable parameters: 220544
Wed 05 Jul 2023 14:09:41 INFO  FLOPs: 5412264.0
Wed 05 Jul 2023 14:14:13 INFO  epoch 0 training [time: 271.53s, train loss: 334.8022]
Wed 05 Jul 2023 14:14:14 INFO  epoch 0 evaluating [time: 1.00s, valid_score: 0.011200]
Wed 05 Jul 2023 14:14:14 INFO  valid result: 
recall@10 : 0.0329    mrr@10 : 0.0112    ndcg@10 : 0.0161    hit@10 : 0.0329    precision@10 : 0.0033
Wed 05 Jul 2023 14:14:14 INFO  Saving current: saved\SASRecF-Jul-05-2023_14-09-41.pth
Wed 05 Jul 2023 14:18:49 INFO  epoch 1 training [time: 274.47s, train loss: 319.3569]
Wed 05 Jul 2023 14:18:49 INFO  epoch 1 evaluating [time: 0.74s, valid_score: 0.020400]
Wed 05 Jul 2023 14:18:49 INFO  valid result: 
recall@10 : 0.0583    mrr@10 : 0.0204    ndcg@10 : 0.0292    hit@10 : 0.0583    precision@10 : 0.0058
Wed 05 Jul 2023 14:18:50 INFO  Saving current: saved\SASRecF-Jul-05-2023_14-09-41.pth
Wed 05 Jul 2023 14:22:48 INFO  epoch 2 training [time: 238.27s, train loss: 305.7834]
Wed 05 Jul 2023 14:22:49 INFO  epoch 2 evaluating [time: 0.70s, valid_score: 0.027200]
Wed 05 Jul 2023 14:22:49 INFO  valid result: 
recall@10 : 0.0901    mrr@10 : 0.0272    ndcg@10 : 0.0415    hit@10 : 0.0901    precision@10 : 0.009
Wed 05 Jul 2023 14:22:49 INFO  Saving current: saved\SASRecF-Jul-05-2023_14-09-41.pth
Wed 05 Jul 2023 14:26:49 INFO  epoch 3 training [time: 240.05s, train loss: 296.8651]
Wed 05 Jul 2023 14:26:49 INFO  epoch 3 evaluating [time: 0.68s, valid_score: 0.034300]
Wed 05 Jul 2023 14:26:49 INFO  valid result: 
recall@10 : 0.0965    mrr@10 : 0.0343    ndcg@10 : 0.0486    hit@10 : 0.0965    precision@10 : 0.0097
Wed 05 Jul 2023 14:26:50 INFO  Saving current: saved\SASRecF-Jul-05-2023_14-09-41.pth
Wed 05 Jul 2023 14:30:48 INFO  epoch 4 training [time: 238.92s, train loss: 289.2658]
Wed 05 Jul 2023 14:30:49 INFO  epoch 4 evaluating [time: 0.73s, valid_score: 0.031400]
Wed 05 Jul 2023 14:30:49 INFO  valid result: 
recall@10 : 0.1113    mrr@10 : 0.0314    ndcg@10 : 0.0496    hit@10 : 0.1113    precision@10 : 0.0111
Wed 05 Jul 2023 14:34:48 INFO  epoch 5 training [time: 238.97s, train loss: 284.8090]
Wed 05 Jul 2023 14:34:49 INFO  epoch 5 evaluating [time: 0.74s, valid_score: 0.034800]
Wed 05 Jul 2023 14:34:49 INFO  valid result: 
recall@10 : 0.1177    mrr@10 : 0.0348    ndcg@10 : 0.054    hit@10 : 0.1177    precision@10 : 0.0118
Wed 05 Jul 2023 14:34:49 INFO  Saving current: saved\SASRecF-Jul-05-2023_14-09-41.pth
Wed 05 Jul 2023 14:38:49 INFO  epoch 6 training [time: 239.79s, train loss: 282.2255]
Wed 05 Jul 2023 14:38:50 INFO  epoch 6 evaluating [time: 0.69s, valid_score: 0.036400]
Wed 05 Jul 2023 14:38:50 INFO  valid result: 
recall@10 : 0.1166    mrr@10 : 0.0364    ndcg@10 : 0.0549    hit@10 : 0.1166    precision@10 : 0.0117
Wed 05 Jul 2023 14:38:50 INFO  Saving current: saved\SASRecF-Jul-05-2023_14-09-41.pth
Wed 05 Jul 2023 14:42:50 INFO  epoch 7 training [time: 240.18s, train loss: 280.1956]
Wed 05 Jul 2023 14:42:51 INFO  epoch 7 evaluating [time: 0.67s, valid_score: 0.036600]
Wed 05 Jul 2023 14:42:51 INFO  valid result: 
recall@10 : 0.1315    mrr@10 : 0.0366    ndcg@10 : 0.0585    hit@10 : 0.1315    precision@10 : 0.0131
Wed 05 Jul 2023 14:42:51 INFO  Saving current: saved\SASRecF-Jul-05-2023_14-09-41.pth
Wed 05 Jul 2023 14:46:52 INFO  epoch 8 training [time: 241.51s, train loss: 278.5362]
Wed 05 Jul 2023 14:46:53 INFO  epoch 8 evaluating [time: 0.73s, valid_score: 0.038300]
Wed 05 Jul 2023 14:46:53 INFO  valid result: 
recall@10 : 0.1315    mrr@10 : 0.0383    ndcg@10 : 0.0596    hit@10 : 0.1315    precision@10 : 0.0131
Wed 05 Jul 2023 14:46:53 INFO  Saving current: saved\SASRecF-Jul-05-2023_14-09-41.pth
Wed 05 Jul 2023 14:50:54 INFO  epoch 9 training [time: 240.40s, train loss: 277.3394]
Wed 05 Jul 2023 14:50:54 INFO  epoch 9 evaluating [time: 0.70s, valid_score: 0.045200]
Wed 05 Jul 2023 14:50:54 INFO  valid result: 
recall@10 : 0.1326    mrr@10 : 0.0452    ndcg@10 : 0.0653    hit@10 : 0.1326    precision@10 : 0.0133
Wed 05 Jul 2023 14:50:54 INFO  Saving current: saved\SASRecF-Jul-05-2023_14-09-41.pth
Wed 05 Jul 2023 14:54:55 INFO  epoch 10 training [time: 241.03s, train loss: 276.2324]
Wed 05 Jul 2023 14:54:56 INFO  epoch 10 evaluating [time: 0.71s, valid_score: 0.040200]
Wed 05 Jul 2023 14:54:56 INFO  valid result: 
recall@10 : 0.1251    mrr@10 : 0.0402    ndcg@10 : 0.0597    hit@10 : 0.1251    precision@10 : 0.0125
Wed 05 Jul 2023 14:58:59 INFO  epoch 11 training [time: 242.95s, train loss: 275.4158]
Wed 05 Jul 2023 14:59:00 INFO  epoch 11 evaluating [time: 0.75s, valid_score: 0.041300]
Wed 05 Jul 2023 14:59:00 INFO  valid result: 
recall@10 : 0.1273    mrr@10 : 0.0413    ndcg@10 : 0.0612    hit@10 : 0.1273    precision@10 : 0.0127
Wed 05 Jul 2023 15:03:01 INFO  epoch 12 training [time: 241.62s, train loss: 274.5989]
Wed 05 Jul 2023 15:03:02 INFO  epoch 12 evaluating [time: 0.71s, valid_score: 0.043700]
Wed 05 Jul 2023 15:03:02 INFO  valid result: 
recall@10 : 0.1357    mrr@10 : 0.0437    ndcg@10 : 0.0649    hit@10 : 0.1357    precision@10 : 0.0136
Wed 05 Jul 2023 15:07:03 INFO  epoch 13 training [time: 240.69s, train loss: 273.8932]
Wed 05 Jul 2023 15:07:04 INFO  epoch 13 evaluating [time: 0.70s, valid_score: 0.046600]
Wed 05 Jul 2023 15:07:04 INFO  valid result: 
recall@10 : 0.1432    mrr@10 : 0.0466    ndcg@10 : 0.0689    hit@10 : 0.1432    precision@10 : 0.0143
Wed 05 Jul 2023 15:07:04 INFO  Saving current: saved\SASRecF-Jul-05-2023_14-09-41.pth
Wed 05 Jul 2023 15:11:04 INFO  epoch 14 training [time: 240.74s, train loss: 273.0438]
Wed 05 Jul 2023 15:11:05 INFO  epoch 14 evaluating [time: 0.73s, valid_score: 0.039800]
Wed 05 Jul 2023 15:11:05 INFO  valid result: 
recall@10 : 0.1304    mrr@10 : 0.0398    ndcg@10 : 0.0606    hit@10 : 0.1304    precision@10 : 0.013
Wed 05 Jul 2023 15:15:21 INFO  epoch 15 training [time: 256.07s, train loss: 272.4177]
Wed 05 Jul 2023 15:15:22 INFO  epoch 15 evaluating [time: 0.87s, valid_score: 0.044300]
Wed 05 Jul 2023 15:15:22 INFO  valid result: 
recall@10 : 0.1432    mrr@10 : 0.0443    ndcg@10 : 0.067    hit@10 : 0.1432    precision@10 : 0.0143
Wed 05 Jul 2023 15:19:59 INFO  epoch 16 training [time: 277.01s, train loss: 271.9292]
Wed 05 Jul 2023 15:20:00 INFO  epoch 16 evaluating [time: 0.83s, valid_score: 0.047700]
Wed 05 Jul 2023 15:20:00 INFO  valid result: 
recall@10 : 0.1347    mrr@10 : 0.0477    ndcg@10 : 0.0677    hit@10 : 0.1347    precision@10 : 0.0135
Wed 05 Jul 2023 15:20:00 INFO  Saving current: saved\SASRecF-Jul-05-2023_14-09-41.pth
Wed 05 Jul 2023 15:24:23 INFO  epoch 17 training [time: 263.19s, train loss: 271.4275]
Wed 05 Jul 2023 15:24:24 INFO  epoch 17 evaluating [time: 0.67s, valid_score: 0.048500]
Wed 05 Jul 2023 15:24:24 INFO  valid result: 
recall@10 : 0.1453    mrr@10 : 0.0485    ndcg@10 : 0.0706    hit@10 : 0.1453    precision@10 : 0.0145
Wed 05 Jul 2023 15:24:24 INFO  Saving current: saved\SASRecF-Jul-05-2023_14-09-41.pth
Wed 05 Jul 2023 15:28:46 INFO  epoch 18 training [time: 261.88s, train loss: 271.0436]
Wed 05 Jul 2023 15:28:47 INFO  epoch 18 evaluating [time: 0.77s, valid_score: 0.044600]
Wed 05 Jul 2023 15:28:47 INFO  valid result: 
recall@10 : 0.14    mrr@10 : 0.0446    ndcg@10 : 0.0665    hit@10 : 0.14    precision@10 : 0.014
