Wed 05 Jul 2023 15:34:16 INFO  ['run.py']
Wed 05 Jul 2023 15:34:16 INFO  
General Hyper Parameters:
gpu_id = 0
use_gpu = True
seed = 2020
state = INFO
reproducibility = True
data_path = C:\Users\Image\Desktop\food-recommender\recbole\Lib\site-packages\recbole\config\../dataset_example/ml-100k
checkpoint_dir = saved
show_progress = True
save_dataset = False
dataset_save_path = None
save_dataloaders = False
dataloaders_save_path = None
log_wandb = False

Training Hyper Parameters:
epochs = 5
train_batch_size = 2048
learner = adam
learning_rate = 0.001
train_neg_sample_args = {'distribution': 'none', 'sample_num': 'none', 'alpha': 'none', 'dynamic': False, 'candidate_num': 0}
eval_step = 1
stopping_step = 10
clip_grad_norm = None
weight_decay = 0.0
loss_decimal_place = 4

Evaluation Hyper Parameters:
eval_args = {'split': {'LS': 'valid_and_test'}, 'order': 'TO', 'mode': 'full', 'group_by': 'user'}
repeatable = True
metrics = ['Recall', 'MRR', 'NDCG', 'Hit', 'Precision']
topk = [10]
valid_metric = MRR@10
valid_metric_bigger = True
eval_batch_size = 4096
metric_decimal_place = 4

Dataset Hyper Parameters:
field_separator = 	
seq_separator =  
USER_ID_FIELD = user_id
ITEM_ID_FIELD = item_id
RATING_FIELD = rating
TIME_FIELD = timestamp
seq_len = None
LABEL_FIELD = label
threshold = None
NEG_PREFIX = neg_
load_col = {'inter': ['user_id', 'item_id', 'rating', 'timestamp'], 'item': ['item_id', 'release_year', 'class']}
unload_col = None
unused_col = None
additional_feat_suffix = None
rm_dup_inter = None
val_interval = None
filter_inter_by_user_or_item = True
user_inter_num_interval = None
item_inter_num_interval = None
alias_of_user_id = None
alias_of_item_id = None
alias_of_entity_id = None
alias_of_relation_id = None
preload_weight = None
normalize_field = None
normalize_all = True
ITEM_LIST_LENGTH_FIELD = item_length
LIST_SUFFIX = _list
MAX_ITEM_LIST_LENGTH = 50
POSITION_FIELD = position_id
HEAD_ENTITY_ID_FIELD = head_id
TAIL_ENTITY_ID_FIELD = tail_id
RELATION_ID_FIELD = relation_id
ENTITY_ID_FIELD = entity_id
kg_reverse_r = False
entity_kg_num_interval = None
relation_kg_num_interval = None
benchmark_filename = None

Other Hyper Parameters: 
worker = 0
wandb_project = recbole
shuffle = True
require_pow = False
enable_amp = False
enable_scaler = False
transform = None
n_layers = 2
n_heads = 2
hidden_size = 64
inner_size = 256
hidden_dropout_prob = 0.5
attn_dropout_prob = 0.5
hidden_act = gelu
layer_norm_eps = 1e-12
initializer_range = 0.02
selected_features = ['class']
pooling_mode = sum
loss_type = CE
numerical_features = []
discretization = None
MODEL_TYPE = ModelType.SEQUENTIAL
MODEL_INPUT_TYPE = InputType.POINTWISE
eval_type = EvaluatorType.RANKING
single_spec = True
local_rank = 0
device = cpu
eval_neg_sample_args = {'distribution': 'uniform', 'sample_num': 'none'}


Wed 05 Jul 2023 15:34:16 INFO  ml-100k
The number of users: 944
Average actions of users: 106.04453870625663
The number of items: 1683
Average actions of items: 59.45303210463734
The number of inters: 100000
The sparsity of the dataset: 93.70575143257098%
Remain Fields: ['user_id', 'item_id', 'rating', 'timestamp', 'release_year', 'class']
Wed 05 Jul 2023 15:34:20 INFO  [Training]: train_batch_size = [2048] train_neg_sample_args: [{'distribution': 'none', 'sample_num': 'none', 'alpha': 'none', 'dynamic': False, 'candidate_num': 0}]
Wed 05 Jul 2023 15:34:20 INFO  [Evaluation]: eval_batch_size = [4096] eval_args: [{'split': {'LS': 'valid_and_test'}, 'order': 'TO', 'mode': 'full', 'group_by': 'user'}]
Wed 05 Jul 2023 15:34:20 INFO  SASRecF(
  (item_embedding): Embedding(1683, 64, padding_idx=0)
  (position_embedding): Embedding(50, 64)
  (feature_embed_layer): FeatureSeqEmbLayer(
    (token_embedding_table): ModuleDict()
    (float_embedding_table): ModuleDict()
    (token_seq_embedding_table): ModuleDict(
      (item): ModuleList(
        (0): Embedding(20, 64)
      )
    )
    (float_seq_embedding_table): ModuleDict(
      (item): ModuleList()
    )
  )
  (trm_encoder): TransformerEncoder(
    (layer): ModuleList(
      (0-1): 2 x TransformerLayer(
        (multi_head_attention): MultiHeadAttention(
          (query): Linear(in_features=64, out_features=64, bias=True)
          (key): Linear(in_features=64, out_features=64, bias=True)
          (value): Linear(in_features=64, out_features=64, bias=True)
          (softmax): Softmax(dim=-1)
          (attn_dropout): Dropout(p=0.5, inplace=False)
          (dense): Linear(in_features=64, out_features=64, bias=True)
          (LayerNorm): LayerNorm((64,), eps=1e-12, elementwise_affine=True)
          (out_dropout): Dropout(p=0.5, inplace=False)
        )
        (feed_forward): FeedForward(
          (dense_1): Linear(in_features=64, out_features=256, bias=True)
          (dense_2): Linear(in_features=256, out_features=64, bias=True)
          (LayerNorm): LayerNorm((64,), eps=1e-12, elementwise_affine=True)
          (dropout): Dropout(p=0.5, inplace=False)
        )
      )
    )
  )
  (concat_layer): Linear(in_features=128, out_features=64, bias=True)
  (LayerNorm): LayerNorm((64,), eps=1e-12, elementwise_affine=True)
  (dropout): Dropout(p=0.5, inplace=False)
  (loss_fct): CrossEntropyLoss()
)
Trainable parameters: 220544
Wed 05 Jul 2023 15:34:20 INFO  FLOPs: 5412264.0
Wed 05 Jul 2023 15:38:40 INFO  epoch 0 training [time: 259.75s, train loss: 334.8022]
Wed 05 Jul 2023 15:38:41 INFO  epoch 0 evaluating [time: 0.74s, valid_score: 0.011200]
Wed 05 Jul 2023 15:38:41 INFO  valid result: 
recall@10 : 0.0329    mrr@10 : 0.0112    ndcg@10 : 0.0161    hit@10 : 0.0329    precision@10 : 0.0033
Wed 05 Jul 2023 15:38:41 INFO  Saving current: saved\SASRecF-Jul-05-2023_15-34-20.pth
Wed 05 Jul 2023 15:42:46 INFO  epoch 1 training [time: 245.01s, train loss: 319.3569]
Wed 05 Jul 2023 15:42:47 INFO  epoch 1 evaluating [time: 0.72s, valid_score: 0.020400]
Wed 05 Jul 2023 15:42:47 INFO  valid result: 
recall@10 : 0.0583    mrr@10 : 0.0204    ndcg@10 : 0.0292    hit@10 : 0.0583    precision@10 : 0.0058
Wed 05 Jul 2023 15:42:47 INFO  Saving current: saved\SASRecF-Jul-05-2023_15-34-20.pth
Wed 05 Jul 2023 15:46:58 INFO  epoch 2 training [time: 251.70s, train loss: 305.7834]
Wed 05 Jul 2023 15:46:59 INFO  epoch 2 evaluating [time: 0.74s, valid_score: 0.027200]
Wed 05 Jul 2023 15:46:59 INFO  valid result: 
recall@10 : 0.0901    mrr@10 : 0.0272    ndcg@10 : 0.0415    hit@10 : 0.0901    precision@10 : 0.009
Wed 05 Jul 2023 15:46:59 INFO  Saving current: saved\SASRecF-Jul-05-2023_15-34-20.pth
Wed 05 Jul 2023 15:51:18 INFO  epoch 3 training [time: 258.56s, train loss: 296.8651]
Wed 05 Jul 2023 15:51:19 INFO  epoch 3 evaluating [time: 0.83s, valid_score: 0.034300]
Wed 05 Jul 2023 15:51:19 INFO  valid result: 
recall@10 : 0.0965    mrr@10 : 0.0343    ndcg@10 : 0.0486    hit@10 : 0.0965    precision@10 : 0.0097
Wed 05 Jul 2023 15:51:19 INFO  Saving current: saved\SASRecF-Jul-05-2023_15-34-20.pth
Wed 05 Jul 2023 15:55:24 INFO  epoch 4 training [time: 245.04s, train loss: 289.2658]
Wed 05 Jul 2023 15:55:25 INFO  epoch 4 evaluating [time: 0.72s, valid_score: 0.031400]
Wed 05 Jul 2023 15:55:25 INFO  valid result: 
recall@10 : 0.1113    mrr@10 : 0.0314    ndcg@10 : 0.0496    hit@10 : 0.1113    precision@10 : 0.0111
Wed 05 Jul 2023 15:55:25 INFO  Loading model structure and parameters from saved\SASRecF-Jul-05-2023_15-34-20.pth
Wed 05 Jul 2023 15:55:26 INFO  best valid : OrderedDict([('recall@10', 0.0965), ('mrr@10', 0.0343), ('ndcg@10', 0.0486), ('hit@10', 0.0965), ('precision@10', 0.0097)])
Wed 05 Jul 2023 15:55:26 INFO  test result: OrderedDict([('recall@10', 0.0785), ('mrr@10', 0.0253), ('ndcg@10', 0.0377), ('hit@10', 0.0785), ('precision@10', 0.0078)])
